-------------------------------------------------------------------------------
Test set: com.jenrawson.familyfridge.domain.PersonIntegrationTest
-------------------------------------------------------------------------------
Tests run: 9, Failures: 0, Errors: 2, Skipped: 0, Time elapsed: 2.649 sec <<< FAILURE!
testCountPeople(com.jenrawson.familyfridge.domain.PersonIntegrationTest)  Time elapsed: 0.091 sec  <<< ERROR!
org.springframework.orm.jpa.JpaSystemException: Error in meta-data for com.jenrawson.familyfridge.domain.Account.id: Cannot have a java.lang.Long primary key and be a child object (owning field is com.jenrawson.familyfridge.domain.Person.account).; nested exception is javax.persistence.PersistenceException: Error in meta-data for com.jenrawson.familyfridge.domain.Account.id: Cannot have a java.lang.Long primary key and be a child object (owning field is com.jenrawson.familyfridge.domain.Person.account).
	at org.springframework.orm.jpa.EntityManagerFactoryUtils.convertJpaAccessExceptionIfPossible(EntityManagerFactoryUtils.java:311)
	at org.springframework.orm.jpa.aspectj.JpaExceptionTranslatorAspect.ajc$afterThrowing$org_springframework_orm_jpa_aspectj_JpaExceptionTranslatorAspect$1$18a1ac9(JpaExceptionTranslatorAspect.aj:15)
	at com.jenrawson.familyfridge.domain.Person_Roo_Entity.findPersonEntries_aroundBody8(Person_Roo_Entity.aj:111)
	at com.jenrawson.familyfridge.domain.Person_Roo_Entity.ajc$interMethod$com_jenrawson_familyfridge_domain_Person_Roo_Entity$com_jenrawson_familyfridge_domain_Person$findPersonEntries(Person_Roo_Entity.aj:1)
	at com.jenrawson.familyfridge.domain.Person.findPersonEntries(Person.java:1)
	at com.jenrawson.familyfridge.domain.Person_Roo_Entity.ajc$interMethodDispatch1$com_jenrawson_familyfridge_domain_Person_Roo_Entity$com_jenrawson_familyfridge_domain_Person$findPersonEntries(Person_Roo_Entity.aj)
	at com.jenrawson.familyfridge.domain.PersonDataOnDemand_Roo_DataOnDemand.ajc$interMethod$com_jenrawson_familyfridge_domain_PersonDataOnDemand_Roo_DataOnDemand$com_jenrawson_familyfridge_domain_PersonDataOnDemand$init(PersonDataOnDemand_Roo_DataOnDemand.aj:48)
	at com.jenrawson.familyfridge.domain.PersonDataOnDemand.init(PersonDataOnDemand.java:1)
	at com.jenrawson.familyfridge.domain.PersonDataOnDemand_Roo_DataOnDemand.ajc$interMethodDispatch1$com_jenrawson_familyfridge_domain_PersonDataOnDemand_Roo_DataOnDemand$com_jenrawson_familyfridge_domain_PersonDataOnDemand$init(PersonDataOnDemand_Roo_DataOnDemand.aj)
	at com.jenrawson.familyfridge.domain.PersonDataOnDemand_Roo_DataOnDemand.ajc$interMethod$com_jenrawson_familyfridge_domain_PersonDataOnDemand_Roo_DataOnDemand$com_jenrawson_familyfridge_domain_PersonDataOnDemand$getRandomPerson(PersonDataOnDemand_Roo_DataOnDemand.aj:38)
	at com.jenrawson.familyfridge.domain.PersonDataOnDemand.getRandomPerson(PersonDataOnDemand.java:1)
	at com.jenrawson.familyfridge.domain.PersonDataOnDemand_Roo_DataOnDemand.ajc$interMethodDispatch1$com_jenrawson_familyfridge_domain_PersonDataOnDemand_Roo_DataOnDemand$com_jenrawson_familyfridge_domain_PersonDataOnDemand$getRandomPerson(PersonDataOnDemand_Roo_DataOnDemand.aj)
	at com.jenrawson.familyfridge.domain.PersonIntegrationTest_Roo_IntegrationTest.ajc$interMethod$com_jenrawson_familyfridge_domain_PersonIntegrationTest_Roo_IntegrationTest$com_jenrawson_familyfridge_domain_PersonIntegrationTest$testCountPeople(PersonIntegrationTest_Roo_IntegrationTest.aj:43)
	at com.jenrawson.familyfridge.domain.PersonIntegrationTest.testCountPeople(PersonIntegrationTest.java:1)
	at sun.reflect.NativeMethodAccessorImpl.invoke0(Native Method)
	at sun.reflect.NativeMethodAccessorImpl.invoke(NativeMethodAccessorImpl.java:39)
	at sun.reflect.DelegatingMethodAccessorImpl.invoke(DelegatingMethodAccessorImpl.java:25)
	at java.lang.reflect.Method.invoke(Method.java:597)
	at org.junit.runners.model.FrameworkMethod$1.runReflectiveCall(FrameworkMethod.java:44)
	at org.junit.internal.runners.model.ReflectiveCallable.run(ReflectiveCallable.java:15)
	at org.junit.runners.model.FrameworkMethod.invokeExplosively(FrameworkMethod.java:41)
	at org.junit.internal.runners.statements.InvokeMethod.evaluate(InvokeMethod.java:20)
	at org.springframework.test.context.junit4.statements.RunBeforeTestMethodCallbacks.evaluate(RunBeforeTestMethodCallbacks.java:74)
	at org.springframework.test.context.junit4.statements.RunAfterTestMethodCallbacks.evaluate(RunAfterTestMethodCallbacks.java:82)
	at org.springframework.test.context.junit4.statements.SpringRepeat.evaluate(SpringRepeat.java:72)
	at org.springframework.test.context.junit4.SpringJUnit4ClassRunner.runChild(SpringJUnit4ClassRunner.java:240)
	at org.junit.runners.BlockJUnit4ClassRunner.runChild(BlockJUnit4ClassRunner.java:50)
	at org.junit.runners.ParentRunner$3.run(ParentRunner.java:193)
	at org.junit.runners.ParentRunner$1.schedule(ParentRunner.java:52)
	at org.junit.runners.ParentRunner.runChildren(ParentRunner.java:191)
	at org.junit.runners.ParentRunner.access$000(ParentRunner.java:42)
	at org.junit.runners.ParentRunner$2.evaluate(ParentRunner.java:184)
	at org.junit.internal.runners.statements.RunBefores.evaluate(RunBefores.java:28)
	at org.springframework.test.context.junit4.statements.RunBeforeTestClassCallbacks.evaluate(RunBeforeTestClassCallbacks.java:61)
	at org.junit.internal.runners.statements.RunAfters.evaluate(RunAfters.java:31)
	at org.springframework.test.context.junit4.statements.RunAfterTestClassCallbacks.evaluate(RunAfterTestClassCallbacks.java:70)
	at org.junit.runners.ParentRunner.run(ParentRunner.java:236)
	at org.springframework.test.context.junit4.SpringJUnit4ClassRunner.run(SpringJUnit4ClassRunner.java:180)
	at org.apache.maven.surefire.junit4.JUnit4TestSet.execute(JUnit4TestSet.java:59)
	at org.apache.maven.surefire.suite.AbstractDirectoryTestSuite.executeTestSet(AbstractDirectoryTestSuite.java:115)
	at org.apache.maven.surefire.suite.AbstractDirectoryTestSuite.execute(AbstractDirectoryTestSuite.java:102)
	at org.apache.maven.surefire.Surefire.run(Surefire.java:180)
	at sun.reflect.NativeMethodAccessorImpl.invoke0(Native Method)
	at sun.reflect.NativeMethodAccessorImpl.invoke(NativeMethodAccessorImpl.java:39)
	at sun.reflect.DelegatingMethodAccessorImpl.invoke(DelegatingMethodAccessorImpl.java:25)
	at java.lang.reflect.Method.invoke(Method.java:597)
	at org.apache.maven.surefire.booter.SurefireBooter.runSuitesInProcess(SurefireBooter.java:350)
	at org.apache.maven.surefire.booter.SurefireBooter.main(SurefireBooter.java:1021)
Caused by: javax.persistence.PersistenceException: Error in meta-data for com.jenrawson.familyfridge.domain.Account.id: Cannot have a java.lang.Long primary key and be a child object (owning field is com.jenrawson.familyfridge.domain.Person.account).
	at org.datanucleus.jpa.NucleusJPAHelper.getJPAExceptionForNucleusException(NucleusJPAHelper.java:264)
	at org.datanucleus.jpa.JPAQuery.getResultList(JPAQuery.java:179)
	... 46 more
Caused by: org.datanucleus.store.appengine.MetaDataValidator$DatastoreMetaDataException: Error in meta-data for com.jenrawson.familyfridge.domain.Account.id: Cannot have a java.lang.Long primary key and be a child object (owning field is com.jenrawson.familyfridge.domain.Person.account).
	at org.datanucleus.store.appengine.MetaDataValidator.checkForIllegalChildField(MetaDataValidator.java:376)
	at org.datanucleus.store.appengine.MetaDataValidator.validateField(MetaDataValidator.java:226)
	at org.datanucleus.store.appengine.MetaDataValidator.validateFields(MetaDataValidator.java:148)
	at org.datanucleus.store.appengine.MetaDataValidator.validate(MetaDataValidator.java:121)
	at org.datanucleus.store.appengine.DatastoreManager.validateMetaDataForClass(DatastoreManager.java:766)
	at org.datanucleus.store.appengine.query.DatastoreQuery.performExecute(DatastoreQuery.java:212)
	at org.datanucleus.store.appengine.query.JPQLQuery.performExecute(JPQLQuery.java:77)
	at org.datanucleus.store.query.Query.executeQuery(Query.java:1489)
	at org.datanucleus.store.query.Query.executeWithMap(Query.java:1398)
	at org.datanucleus.jpa.JPAQuery.getResultList(JPAQuery.java:163)
	... 46 more

testFindPerson(com.jenrawson.familyfridge.domain.PersonIntegrationTest)  Time elapsed: 0.279 sec  <<< ERROR!
org.springframework.dao.InvalidDataAccessApiUsageException: Transaction with which this operation is associated is not active.; nested exception is java.lang.IllegalStateException: Transaction with which this operation is associated is not active.
	at org.springframework.orm.jpa.EntityManagerFactoryUtils.convertJpaAccessExceptionIfPossible(EntityManagerFactoryUtils.java:283)
	at org.springframework.orm.jpa.aspectj.JpaExceptionTranslatorAspect.ajc$afterThrowing$org_springframework_orm_jpa_aspectj_JpaExceptionTranslatorAspect$1$18a1ac9(JpaExceptionTranslatorAspect.aj:15)
	at com.jenrawson.familyfridge.domain.Person_Roo_Entity.findPerson_aroundBody6(Person_Roo_Entity.aj:105)
	at com.jenrawson.familyfridge.domain.Person_Roo_Entity.ajc$interMethod$com_jenrawson_familyfridge_domain_Person_Roo_Entity$com_jenrawson_familyfridge_domain_Person$findPerson(Person_Roo_Entity.aj:1)
	at com.jenrawson.familyfridge.domain.Person.findPerson(Person.java:1)
	at com.jenrawson.familyfridge.domain.Person_Roo_Entity.ajc$interMethodDispatch1$com_jenrawson_familyfridge_domain_Person_Roo_Entity$com_jenrawson_familyfridge_domain_Person$findPerson(Person_Roo_Entity.aj)
	at com.jenrawson.familyfridge.domain.PersonDataOnDemand_Roo_DataOnDemand.ajc$interMethod$com_jenrawson_familyfridge_domain_PersonDataOnDemand_Roo_DataOnDemand$com_jenrawson_familyfridge_domain_PersonDataOnDemand$getRandomPerson(PersonDataOnDemand_Roo_DataOnDemand.aj:40)
	at com.jenrawson.familyfridge.domain.PersonDataOnDemand.getRandomPerson(PersonDataOnDemand.java:1)
	at com.jenrawson.familyfridge.domain.PersonDataOnDemand_Roo_DataOnDemand.ajc$interMethodDispatch1$com_jenrawson_familyfridge_domain_PersonDataOnDemand_Roo_DataOnDemand$com_jenrawson_familyfridge_domain_PersonDataOnDemand$getRandomPerson(PersonDataOnDemand_Roo_DataOnDemand.aj)
	at com.jenrawson.familyfridge.domain.PersonIntegrationTest_Roo_IntegrationTest.ajc$interMethod$com_jenrawson_familyfridge_domain_PersonIntegrationTest_Roo_IntegrationTest$com_jenrawson_familyfridge_domain_PersonIntegrationTest$testFindPerson(PersonIntegrationTest_Roo_IntegrationTest.aj:50)
	at com.jenrawson.familyfridge.domain.PersonIntegrationTest.testFindPerson(PersonIntegrationTest.java:1)
	at sun.reflect.NativeMethodAccessorImpl.invoke0(Native Method)
	at sun.reflect.NativeMethodAccessorImpl.invoke(NativeMethodAccessorImpl.java:39)
	at sun.reflect.DelegatingMethodAccessorImpl.invoke(DelegatingMethodAccessorImpl.java:25)
	at java.lang.reflect.Method.invoke(Method.java:597)
	at org.junit.runners.model.FrameworkMethod$1.runReflectiveCall(FrameworkMethod.java:44)
	at org.junit.internal.runners.model.ReflectiveCallable.run(ReflectiveCallable.java:15)
	at org.junit.runners.model.FrameworkMethod.invokeExplosively(FrameworkMethod.java:41)
	at org.junit.internal.runners.statements.InvokeMethod.evaluate(InvokeMethod.java:20)
	at org.springframework.test.context.junit4.statements.RunBeforeTestMethodCallbacks.evaluate(RunBeforeTestMethodCallbacks.java:74)
	at org.springframework.test.context.junit4.statements.RunAfterTestMethodCallbacks.evaluate(RunAfterTestMethodCallbacks.java:82)
	at org.springframework.test.context.junit4.statements.SpringRepeat.evaluate(SpringRepeat.java:72)
	at org.springframework.test.context.junit4.SpringJUnit4ClassRunner.runChild(SpringJUnit4ClassRunner.java:240)
	at org.junit.runners.BlockJUnit4ClassRunner.runChild(BlockJUnit4ClassRunner.java:50)
	at org.junit.runners.ParentRunner$3.run(ParentRunner.java:193)
	at org.junit.runners.ParentRunner$1.schedule(ParentRunner.java:52)
	at org.junit.runners.ParentRunner.runChildren(ParentRunner.java:191)
	at org.junit.runners.ParentRunner.access$000(ParentRunner.java:42)
	at org.junit.runners.ParentRunner$2.evaluate(ParentRunner.java:184)
	at org.junit.internal.runners.statements.RunBefores.evaluate(RunBefores.java:28)
	at org.springframework.test.context.junit4.statements.RunBeforeTestClassCallbacks.evaluate(RunBeforeTestClassCallbacks.java:61)
	at org.junit.internal.runners.statements.RunAfters.evaluate(RunAfters.java:31)
	at org.springframework.test.context.junit4.statements.RunAfterTestClassCallbacks.evaluate(RunAfterTestClassCallbacks.java:70)
	at org.junit.runners.ParentRunner.run(ParentRunner.java:236)
	at org.springframework.test.context.junit4.SpringJUnit4ClassRunner.run(SpringJUnit4ClassRunner.java:180)
	at org.apache.maven.surefire.junit4.JUnit4TestSet.execute(JUnit4TestSet.java:59)
	at org.apache.maven.surefire.suite.AbstractDirectoryTestSuite.executeTestSet(AbstractDirectoryTestSuite.java:115)
	at org.apache.maven.surefire.suite.AbstractDirectoryTestSuite.execute(AbstractDirectoryTestSuite.java:102)
	at org.apache.maven.surefire.Surefire.run(Surefire.java:180)
	at sun.reflect.NativeMethodAccessorImpl.invoke0(Native Method)
	at sun.reflect.NativeMethodAccessorImpl.invoke(NativeMethodAccessorImpl.java:39)
	at sun.reflect.DelegatingMethodAccessorImpl.invoke(DelegatingMethodAccessorImpl.java:25)
	at java.lang.reflect.Method.invoke(Method.java:597)
	at org.apache.maven.surefire.booter.SurefireBooter.runSuitesInProcess(SurefireBooter.java:350)
	at org.apache.maven.surefire.booter.SurefireBooter.main(SurefireBooter.java:1021)
Caused by: java.lang.IllegalStateException: Transaction with which this operation is associated is not active.
	at com.google.appengine.api.datastore.TransactionImpl.ensureTxnActive(TransactionImpl.java:130)
	at com.google.appengine.api.datastore.TransactionRunner.<init>(TransactionRunner.java:21)
	at com.google.appengine.api.datastore.DatastoreServiceImpl$1.<init>(DatastoreServiceImpl.java:111)
	at com.google.appengine.api.datastore.DatastoreServiceImpl.get(DatastoreServiceImpl.java:111)
	at com.google.appengine.api.datastore.DatastoreServiceImpl.get(DatastoreServiceImpl.java:84)
	at com.google.appengine.api.datastore.DatastoreServiceImpl.get(DatastoreServiceImpl.java:72)
	at org.datanucleus.store.appengine.RuntimeExceptionWrappingDatastoreService.get(RuntimeExceptionWrappingDatastoreService.java:63)
	at org.datanucleus.store.appengine.DatastorePersistenceHandler.get(DatastorePersistenceHandler.java:96)
	at org.datanucleus.store.appengine.DatastorePersistenceHandler.get(DatastorePersistenceHandler.java:106)
	at org.datanucleus.store.appengine.DatastorePersistenceHandler.fetchObject(DatastorePersistenceHandler.java:478)
	at org.datanucleus.state.JDOStateManagerImpl.validate(JDOStateManagerImpl.java:4263)
	at org.datanucleus.ObjectManagerImpl.findObject(ObjectManagerImpl.java:2444)
	at org.datanucleus.jpa.EntityManagerImpl.find(EntityManagerImpl.java:234)
	at org.datanucleus.store.appengine.jpa.DatastoreEntityManager.find(DatastoreEntityManager.java:56)
	at sun.reflect.NativeMethodAccessorImpl.invoke0(Native Method)
	at sun.reflect.NativeMethodAccessorImpl.invoke(NativeMethodAccessorImpl.java:39)
	at sun.reflect.DelegatingMethodAccessorImpl.invoke(DelegatingMethodAccessorImpl.java:25)
	at java.lang.reflect.Method.invoke(Method.java:597)
	at org.springframework.orm.jpa.SharedEntityManagerCreator$SharedEntityManagerInvocationHandler.invoke(SharedEntityManagerCreator.java:240)
	at $Proxy32.find(Unknown Source)
	... 43 more

